# JRE version: OpenJDK Runtime Environment (8.0_252-b09) (build 1.8.0_252-8u252-b09-1ubuntu1-b09)
# Java VM: Dynamic Code Evolution 64-Bit Server VM (25.71-b01-dcevmlight-26 mixed mode linux-amd64 compressed oops)
Heap:
 def new generation   total 154304K, used 82400K [0x00000005ca800000, 0x00000005d4f60000, 0x0000000671aa0000)
  eden space 137216K,  60% used [0x00000005ca800000, 0x00000005cf86de68, 0x00000005d2e00000)
  from space 17088K,   0% used [0x00000005d2e00000, 0x00000005d2e0a438, 0x00000005d3eb0000)
  to   space 17088K,   0% used [0x00000005d3eb0000, 0x00000005d3eb0000, 0x00000005d4f60000)
 tenured generation   total 342720K, used 17451K [0x0000000671aa0000, 0x0000000686950000, 0x00000007c0000000)
   the space 342720K,   5% used [0x0000000671aa0000, 0x0000000672baac50, 0x0000000672baae00, 0x0000000686950000)
 Metaspace       used 18060K, capacity 18482K, committed 18688K, reserved 1064960K
  class space    used 2117K, capacity 2245K, committed 2304K, reserved 1048576K
GC Heap History (10 events):
Event: 12.768 GC heap before
{Heap before GC invocations=35 (full 2):
 def new generation   total 154304K, used 137316K [0x00000005ca800000, 0x00000005d4f60000, 0x0000000671aa0000)
  eden space 137216K, 100% used [0x00000005ca800000, 0x00000005d2e00000, 0x00000005d2e00000)
  from space 17088K,   0% used [0x00000005d3eb0000, 0x00000005d3ec90f8, 0x00000005d4f60000)
  to   space 17088K,   0% used [0x00000005d2e00000, 0x00000005d2e00000, 0x00000005d3eb0000)
 tenured generation   total 342720K, used 17449K [0x0000000671aa0000, 0x0000000686950000, 0x00000007c0000000)
   the space 342720K,   5% used [0x0000000671aa0000, 0x0000000672baa5a8, 0x0000000672baa600, 0x0000000686950000)
 Metaspace       used 17858K, capacity 18258K, committed 18432K, reserved 1064960K
  class space    used 2100K, capacity 2213K, committed 2304K, reserved 1048576K
Event: 12.770 GC heap after
Heap after GC invocations=36 (full 2):
 def new generation   total 154304K, used 55K [0x00000005ca800000, 0x00000005d4f60000, 0x0000000671aa0000)
  eden space 137216K,   0% used [0x00000005ca800000, 0x00000005ca800000, 0x00000005d2e00000)
  from space 17088K,   0% used [0x00000005d2e00000, 0x00000005d2e0df70, 0x00000005d3eb0000)
  to   space 17088K,   0% used [0x00000005d3eb0000, 0x00000005d3eb0000, 0x00000005d4f60000)
 tenured generation   total 342720K, used 17449K [0x0000000671aa0000, 0x0000000686950000, 0x00000007c0000000)
   the space 342720K,   5% used [0x0000000671aa0000, 0x0000000672baa780, 0x0000000672baa800, 0x0000000686950000)
 Metaspace       used 17858K, capacity 18258K, committed 18432K, reserved 1064960K
  class space    used 2100K, capacity 2213K, committed 2304K, reserved 1048576K
}
Event: 13.095 GC heap before
{Heap before GC invocations=36 (full 2):
 def new generation   total 154304K, used 137271K [0x00000005ca800000, 0x00000005d4f60000, 0x0000000671aa0000)
  eden space 137216K, 100% used [0x00000005ca800000, 0x00000005d2e00000, 0x00000005d2e00000)
  from space 17088K,   0% used [0x00000005d2e00000, 0x00000005d2e0df70, 0x00000005d3eb0000)
  to   space 17088K,   0% used [0x00000005d3eb0000, 0x00000005d3eb0000, 0x00000005d4f60000)
 tenured generation   total 342720K, used 17449K [0x0000000671aa0000, 0x0000000686950000, 0x00000007c0000000)
   the space 342720K,   5% used [0x0000000671aa0000, 0x0000000672baa780, 0x0000000672baa800, 0x0000000686950000)
 Metaspace       used 17863K, capacity 18258K, committed 18432K, reserved 1064960K
  class space    used 2100K, capacity 2213K, committed 2304K, reserved 1048576K
Event: 13.097 GC heap after
Heap after GC invocations=37 (full 2):
 def new generation   total 154304K, used 11K [0x00000005ca800000, 0x00000005d4f60000, 0x0000000671aa0000)
  eden space 137216K,   0% used [0x00000005ca800000, 0x00000005ca800000, 0x00000005d2e00000)
  from space 17088K,   0% used [0x00000005d3eb0000, 0x00000005d3eb2dd0, 0x00000005d4f60000)
  to   space 17088K,   0% used [0x00000005d2e00000, 0x00000005d2e00000, 0x00000005d3eb0000)
 tenured generation   total 342720K, used 17449K [0x0000000671aa0000, 0x0000000686950000, 0x00000007c0000000)
   the space 342720K,   5% used [0x0000000671aa0000, 0x0000000672baa780, 0x0000000672baa800, 0x0000000686950000)
 Metaspace       used 17863K, capacity 18258K, committed 18432K, reserved 1064960K
  class space    used 2100K, capacity 2213K, committed 2304K, reserved 1048576K
}
Event: 13.445 GC heap before
{Heap before GC invocations=37 (full 2):
 def new generation   total 154304K, used 137227K [0x00000005ca800000, 0x00000005d4f60000, 0x0000000671aa0000)
  eden space 137216K, 100% used [0x00000005ca800000, 0x00000005d2e00000, 0x00000005d2e00000)
  from space 17088K,   0% used [0x00000005d3eb0000, 0x00000005d3eb2dd0, 0x00000005d4f60000)
  to   space 17088K,   0% used [0x00000005d2e00000, 0x00000005d2e00000, 0x00000005d3eb0000)
 tenured generation   total 342720K, used 17449K [0x0000000671aa0000, 0x0000000686950000, 0x00000007c0000000)
   the space 342720K,   5% used [0x0000000671aa0000, 0x0000000672baa780, 0x0000000672baa800, 0x0000000686950000)
 Metaspace       used 17875K, capacity 18258K, committed 18432K, reserved 1064960K
  class space    used 2102K, capacity 2213K, committed 2304K, reserved 1048576K
Event: 13.447 GC heap after
Heap after GC invocations=38 (full 2):
 def new generation   total 154304K, used 19K [0x00000005ca800000, 0x00000005d4f60000, 0x0000000671aa0000)
  eden space 137216K,   0% used [0x00000005ca800000, 0x00000005ca800000, 0x00000005d2e00000)
  from space 17088K,   0% used [0x00000005d2e00000, 0x00000005d2e04e00, 0x00000005d3eb0000)
  to   space 17088K,   0% used [0x00000005d3eb0000, 0x00000005d3eb0000, 0x00000005d4f60000)
 tenured generation   total 342720K, used 17450K [0x0000000671aa0000, 0x0000000686950000, 0x00000007c0000000)
   the space 342720K,   5% used [0x0000000671aa0000, 0x0000000672baab00, 0x0000000672baac00, 0x0000000686950000)
 Metaspace       used 17875K, capacity 18258K, committed 18432K, reserved 1064960K
  class space    used 2102K, capacity 2213K, committed 2304K, reserved 1048576K
}
Event: 13.649 GC heap before
{Heap before GC invocations=38 (full 2):
 def new generation   total 154304K, used 63723K [0x00000005ca800000, 0x00000005d4f60000, 0x0000000671aa0000)
  eden space 137216K,  46% used [0x00000005ca800000, 0x00000005ce635f60, 0x00000005d2e00000)
  from space 17088K,   0% used [0x00000005d2e00000, 0x00000005d2e04e00, 0x00000005d3eb0000)
  to   space 17088K,   0% used [0x00000005d3eb0000, 0x00000005d3eb0000, 0x00000005d4f60000)
 tenured generation   total 342720K, used 17450K [0x0000000671aa0000, 0x0000000686950000, 0x00000007c0000000)
   the space 342720K,   5% used [0x0000000671aa0000, 0x0000000672baab00, 0x0000000672baac00, 0x0000000686950000)
 Metaspace       used 18056K, capacity 18482K, committed 18688K, reserved 1064960K
  class space    used 2117K, capacity 2245K, committed 2304K, reserved 1048576K
Event: 13.651 GC heap after
Heap after GC invocations=39 (full 2):
 def new generation   total 154304K, used 70K [0x00000005ca800000, 0x00000005d4f60000, 0x0000000671aa0000)
  eden space 137216K,   0% used [0x00000005ca800000, 0x00000005ca800000, 0x00000005d2e00000)
  from space 17088K,   0% used [0x00000005d3eb0000, 0x00000005d3ec1b08, 0x00000005d4f60000)
  to   space 17088K,   0% used [0x00000005d2e00000, 0x00000005d2e00000, 0x00000005d3eb0000)
 tenured generation   total 342720K, used 17451K [0x0000000671aa0000, 0x0000000686950000, 0x00000007c0000000)
   the space 342720K,   5% used [0x0000000671aa0000, 0x0000000672baac50, 0x0000000672baae00, 0x0000000686950000)
 Metaspace       used 18056K, capacity 18482K, committed 18688K, reserved 1064960K
  class space    used 2117K, capacity 2245K, committed 2304K, reserved 1048576K
}
Event: 14.270 GC heap before
{Heap before GC invocations=39 (full 2):
 def new generation   total 154304K, used 137286K [0x00000005ca800000, 0x00000005d4f60000, 0x0000000671aa0000)
  eden space 137216K, 100% used [0x00000005ca800000, 0x00000005d2e00000, 0x00000005d2e00000)
  from space 17088K,   0% used [0x00000005d3eb0000, 0x00000005d3ec1b58, 0x00000005d4f60000)
  to   space 17088K,   0% used [0x00000005d2e00000, 0x00000005d2e00000, 0x00000005d3eb0000)
 tenured generation   total 342720K, used 17451K [0x0000000671aa0000, 0x0000000686950000, 0x00000007c0000000)
   the space 342720K,   5% used [0x0000000671aa0000, 0x0000000672baac50, 0x0000000672baae00, 0x0000000686950000)
 Metaspace       used 18060K, capacity 18482K, committed 18688K, reserved 1064960K
  class space    used 2117K, capacity 2245K, committed 2304K, reserved 1048576K
Event: 14.274 GC heap after
Heap after GC invocations=40 (full 2):
 def new generation   total 154304K, used 41K [0x00000005ca800000, 0x00000005d4f60000, 0x0000000671aa0000)
  eden space 137216K,   0% used [0x00000005ca800000, 0x00000005ca800000, 0x00000005d2e00000)
  from space 17088K,   0% used [0x00000005d2e00000, 0x00000005d2e0a438, 0x00000005d3eb0000)
  to   space 17088K,   0% used [0x00000005d3eb0000, 0x00000005d3eb0000, 0x00000005d4f60000)
 tenured generation   total 342720K, used 17451K [0x0000000671aa0000, 0x0000000686950000, 0x00000007c0000000)
   the space 342720K,   5% used [0x0000000671aa0000, 0x0000000672baac50, 0x0000000672baae00, 0x0000000686950000)
 Metaspace       used 18060K, capacity 18482K, committed 18688K, reserved 1064960K
  class space    used 2117K, capacity 2245K, committed 2304K, reserved 1048576K
}

