# JRE version: OpenJDK Runtime Environment (8.0_252-b09) (build 1.8.0_252-8u252-b09-1ubuntu1-b09)
# Java VM: Dynamic Code Evolution 64-Bit Server VM (25.71-b01-dcevmlight-26 mixed mode linux-amd64 compressed oops)
Heap:
 def new generation   total 154304K, used 2875K [0x00000005ca800000, 0x00000005d4f60000, 0x0000000671aa0000)
  eden space 137216K,   2% used [0x00000005ca800000, 0x00000005caacbff8, 0x00000005d2e00000)
  from space 17088K,   0% used [0x00000005d3eb0000, 0x00000005d3eb2e50, 0x00000005d4f60000)
  to   space 17088K,   0% used [0x00000005d2e00000, 0x00000005d2e00000, 0x00000005d3eb0000)
 tenured generation   total 342720K, used 17710K [0x0000000671aa0000, 0x0000000686950000, 0x00000007c0000000)
   the space 342720K,   5% used [0x0000000671aa0000, 0x0000000672beb978, 0x0000000672beba00, 0x0000000686950000)
 Metaspace       used 18651K, capacity 19002K, committed 19200K, reserved 1067008K
  class space    used 2131K, capacity 2245K, committed 2304K, reserved 1048576K
GC Heap History (10 events):
Event: 199.458 GC heap before
{Heap before GC invocations=450 (full 2):
 def new generation   total 154304K, used 137217K [0x00000005ca800000, 0x00000005d4f60000, 0x0000000671aa0000)
  eden space 137216K, 100% used [0x00000005ca800000, 0x00000005d2e00000, 0x00000005d2e00000)
  from space 17088K,   0% used [0x00000005d2e00000, 0x00000005d2e00660, 0x00000005d3eb0000)
  to   space 17088K,   0% used [0x00000005d3eb0000, 0x00000005d3eb0000, 0x00000005d4f60000)
 tenured generation   total 342720K, used 17710K [0x0000000671aa0000, 0x0000000686950000, 0x00000007c0000000)
   the space 342720K,   5% used [0x0000000671aa0000, 0x0000000672beb910, 0x0000000672beba00, 0x0000000686950000)
 Metaspace       used 18626K, capacity 19002K, committed 19200K, reserved 1067008K
  class space    used 2129K, capacity 2245K, committed 2304K, reserved 1048576K
Event: 199.459 GC heap after
Heap after GC invocations=451 (full 2):
 def new generation   total 154304K, used 45K [0x00000005ca800000, 0x00000005d4f60000, 0x0000000671aa0000)
  eden space 137216K,   0% used [0x00000005ca800000, 0x00000005ca800000, 0x00000005d2e00000)
  from space 17088K,   0% used [0x00000005d3eb0000, 0x00000005d3ebb6f8, 0x00000005d4f60000)
  to   space 17088K,   0% used [0x00000005d2e00000, 0x00000005d2e00000, 0x00000005d3eb0000)
 tenured generation   total 342720K, used 17710K [0x0000000671aa0000, 0x0000000686950000, 0x00000007c0000000)
   the space 342720K,   5% used [0x0000000671aa0000, 0x0000000672beb910, 0x0000000672beba00, 0x0000000686950000)
 Metaspace       used 18626K, capacity 19002K, committed 19200K, reserved 1067008K
  class space    used 2129K, capacity 2245K, committed 2304K, reserved 1048576K
}
Event: 199.936 GC heap before
{Heap before GC invocations=451 (full 2):
 def new generation   total 154304K, used 137261K [0x00000005ca800000, 0x00000005d4f60000, 0x0000000671aa0000)
  eden space 137216K, 100% used [0x00000005ca800000, 0x00000005d2e00000, 0x00000005d2e00000)
  from space 17088K,   0% used [0x00000005d3eb0000, 0x00000005d3ebb6f8, 0x00000005d4f60000)
  to   space 17088K,   0% used [0x00000005d2e00000, 0x00000005d2e00000, 0x00000005d3eb0000)
 tenured generation   total 342720K, used 17710K [0x0000000671aa0000, 0x0000000686950000, 0x00000007c0000000)
   the space 342720K,   5% used [0x0000000671aa0000, 0x0000000672beb910, 0x0000000672beba00, 0x0000000686950000)
 Metaspace       used 18626K, capacity 19002K, committed 19200K, reserved 1067008K
  class space    used 2129K, capacity 2245K, committed 2304K, reserved 1048576K
Event: 199.937 GC heap after
Heap after GC invocations=452 (full 2):
 def new generation   total 154304K, used 1K [0x00000005ca800000, 0x00000005d4f60000, 0x0000000671aa0000)
  eden space 137216K,   0% used [0x00000005ca800000, 0x00000005ca800000, 0x00000005d2e00000)
  from space 17088K,   0% used [0x00000005d2e00000, 0x00000005d2e00648, 0x00000005d3eb0000)
  to   space 17088K,   0% used [0x00000005d3eb0000, 0x00000005d3eb0000, 0x00000005d4f60000)
 tenured generation   total 342720K, used 17710K [0x0000000671aa0000, 0x0000000686950000, 0x00000007c0000000)
   the space 342720K,   5% used [0x0000000671aa0000, 0x0000000672beb910, 0x0000000672beba00, 0x0000000686950000)
 Metaspace       used 18626K, capacity 19002K, committed 19200K, reserved 1067008K
  class space    used 2129K, capacity 2245K, committed 2304K, reserved 1048576K
}
Event: 200.366 GC heap before
{Heap before GC invocations=452 (full 2):
 def new generation   total 154304K, used 137217K [0x00000005ca800000, 0x00000005d4f60000, 0x0000000671aa0000)
  eden space 137216K, 100% used [0x00000005ca800000, 0x00000005d2e00000, 0x00000005d2e00000)
  from space 17088K,   0% used [0x00000005d2e00000, 0x00000005d2e00648, 0x00000005d3eb0000)
  to   space 17088K,   0% used [0x00000005d3eb0000, 0x00000005d3eb0000, 0x00000005d4f60000)
 tenured generation   total 342720K, used 17710K [0x0000000671aa0000, 0x0000000686950000, 0x00000007c0000000)
   the space 342720K,   5% used [0x0000000671aa0000, 0x0000000672beb910, 0x0000000672beba00, 0x0000000686950000)
 Metaspace       used 18626K, capacity 19002K, committed 19200K, reserved 1067008K
  class space    used 2129K, capacity 2245K, committed 2304K, reserved 1048576K
Event: 200.367 GC heap after
Heap after GC invocations=453 (full 2):
 def new generation   total 154304K, used 45K [0x00000005ca800000, 0x00000005d4f60000, 0x0000000671aa0000)
  eden space 137216K,   0% used [0x00000005ca800000, 0x00000005ca800000, 0x00000005d2e00000)
  from space 17088K,   0% used [0x00000005d3eb0000, 0x00000005d3ebb710, 0x00000005d4f60000)
  to   space 17088K,   0% used [0x00000005d2e00000, 0x00000005d2e00000, 0x00000005d3eb0000)
 tenured generation   total 342720K, used 17710K [0x0000000671aa0000, 0x0000000686950000, 0x00000007c0000000)
   the space 342720K,   5% used [0x0000000671aa0000, 0x0000000672beb910, 0x0000000672beba00, 0x0000000686950000)
 Metaspace       used 18626K, capacity 19002K, committed 19200K, reserved 1067008K
  class space    used 2129K, capacity 2245K, committed 2304K, reserved 1048576K
}
Event: 200.787 GC heap before
{Heap before GC invocations=453 (full 2):
 def new generation   total 154304K, used 137261K [0x00000005ca800000, 0x00000005d4f60000, 0x0000000671aa0000)
  eden space 137216K, 100% used [0x00000005ca800000, 0x00000005d2e00000, 0x00000005d2e00000)
  from space 17088K,   0% used [0x00000005d3eb0000, 0x00000005d3ebb710, 0x00000005d4f60000)
  to   space 17088K,   0% used [0x00000005d2e00000, 0x00000005d2e00000, 0x00000005d3eb0000)
 tenured generation   total 342720K, used 17710K [0x0000000671aa0000, 0x0000000686950000, 0x00000007c0000000)
   the space 342720K,   5% used [0x0000000671aa0000, 0x0000000672beb910, 0x0000000672beba00, 0x0000000686950000)
 Metaspace       used 18626K, capacity 19002K, committed 19200K, reserved 1067008K
  class space    used 2129K, capacity 2245K, committed 2304K, reserved 1048576K
Event: 200.788 GC heap after
Heap after GC invocations=454 (full 2):
 def new generation   total 154304K, used 1K [0x00000005ca800000, 0x00000005d4f60000, 0x0000000671aa0000)
  eden space 137216K,   0% used [0x00000005ca800000, 0x00000005ca800000, 0x00000005d2e00000)
  from space 17088K,   0% used [0x00000005d2e00000, 0x00000005d2e00660, 0x00000005d3eb0000)
  to   space 17088K,   0% used [0x00000005d3eb0000, 0x00000005d3eb0000, 0x00000005d4f60000)
 tenured generation   total 342720K, used 17710K [0x0000000671aa0000, 0x0000000686950000, 0x00000007c0000000)
   the space 342720K,   5% used [0x0000000671aa0000, 0x0000000672beb910, 0x0000000672beba00, 0x0000000686950000)
 Metaspace       used 18626K, capacity 19002K, committed 19200K, reserved 1067008K
  class space    used 2129K, capacity 2245K, committed 2304K, reserved 1048576K
}
Event: 201.167 GC heap before
{Heap before GC invocations=454 (full 2):
 def new generation   total 154304K, used 101635K [0x00000005ca800000, 0x00000005d4f60000, 0x0000000671aa0000)
  eden space 137216K,  74% used [0x00000005ca800000, 0x00000005d0b406e8, 0x00000005d2e00000)
  from space 17088K,   0% used [0x00000005d2e00000, 0x00000005d2e00660, 0x00000005d3eb0000)
  to   space 17088K,   0% used [0x00000005d3eb0000, 0x00000005d3eb0000, 0x00000005d4f60000)
 tenured generation   total 342720K, used 17710K [0x0000000671aa0000, 0x0000000686950000, 0x00000007c0000000)
   the space 342720K,   5% used [0x0000000671aa0000, 0x0000000672beb910, 0x0000000672beba00, 0x0000000686950000)
 Metaspace       used 18645K, capacity 19002K, committed 19200K, reserved 1067008K
  class space    used 2130K, capacity 2245K, committed 2304K, reserved 1048576K
Event: 201.168 GC heap after
Heap after GC invocations=455 (full 2):
 def new generation   total 154304K, used 11K [0x00000005ca800000, 0x00000005d4f60000, 0x0000000671aa0000)
  eden space 137216K,   0% used [0x00000005ca800000, 0x00000005ca800000, 0x00000005d2e00000)
  from space 17088K,   0% used [0x00000005d3eb0000, 0x00000005d3eb2e50, 0x00000005d4f60000)
  to   space 17088K,   0% used [0x00000005d2e00000, 0x00000005d2e00000, 0x00000005d3eb0000)
 tenured generation   total 342720K, used 17710K [0x0000000671aa0000, 0x0000000686950000, 0x00000007c0000000)
   the space 342720K,   5% used [0x0000000671aa0000, 0x0000000672beb978, 0x0000000672beba00, 0x0000000686950000)
 Metaspace       used 18645K, capacity 19002K, committed 19200K, reserved 1067008K
  class space    used 2130K, capacity 2245K, committed 2304K, reserved 1048576K
}

