# JRE version: OpenJDK Runtime Environment (8.0_252-b09) (build 1.8.0_252-8u252-b09-1ubuntu1-b09)
# Java VM: Dynamic Code Evolution 64-Bit Server VM (25.71-b01-dcevmlight-26 mixed mode linux-amd64 compressed oops)
Heap:
 def new generation   total 154304K, used 16444K [0x00000005ca800000, 0x00000005d4f60000, 0x0000000671aa0000)
  eden space 137216K,  11% used [0x00000005ca800000, 0x00000005cb803930, 0x00000005d2e00000)
  from space 17088K,   0% used [0x00000005d3eb0000, 0x00000005d3ebba30, 0x00000005d4f60000)
  to   space 17088K,   0% used [0x00000005d2e00000, 0x00000005d2e00000, 0x00000005d3eb0000)
 tenured generation   total 342720K, used 17496K [0x0000000671aa0000, 0x0000000686950000, 0x00000007c0000000)
   the space 342720K,   5% used [0x0000000671aa0000, 0x0000000672bb6098, 0x0000000672bb6200, 0x0000000686950000)
 Metaspace       used 18587K, capacity 18938K, committed 19200K, reserved 1067008K
  class space    used 2132K, capacity 2245K, committed 2304K, reserved 1048576K
GC Heap History (10 events):
Event: 33.599 GC heap before
{Heap before GC invocations=114 (full 2):
 def new generation   total 154304K, used 137263K [0x00000005ca800000, 0x00000005d4f60000, 0x0000000671aa0000)
  eden space 137216K, 100% used [0x00000005ca800000, 0x00000005d2e00000, 0x00000005d2e00000)
  from space 17088K,   0% used [0x00000005d2e00000, 0x00000005d2e0be50, 0x00000005d3eb0000)
  to   space 17088K,   0% used [0x00000005d3eb0000, 0x00000005d3eb0000, 0x00000005d4f60000)
 tenured generation   total 342720K, used 17496K [0x0000000671aa0000, 0x0000000686950000, 0x00000007c0000000)
   the space 342720K,   5% used [0x0000000671aa0000, 0x0000000672bb6098, 0x0000000672bb6200, 0x0000000686950000)
 Metaspace       used 18326K, capacity 18714K, committed 18944K, reserved 1067008K
  class space    used 2112K, capacity 2213K, committed 2304K, reserved 1048576K
Event: 33.600 GC heap after
Heap after GC invocations=115 (full 2):
 def new generation   total 154304K, used 47K [0x00000005ca800000, 0x00000005d4f60000, 0x0000000671aa0000)
  eden space 137216K,   0% used [0x00000005ca800000, 0x00000005ca800000, 0x00000005d2e00000)
  from space 17088K,   0% used [0x00000005d3eb0000, 0x00000005d3ebbd00, 0x00000005d4f60000)
  to   space 17088K,   0% used [0x00000005d2e00000, 0x00000005d2e00000, 0x00000005d3eb0000)
 tenured generation   total 342720K, used 17496K [0x0000000671aa0000, 0x0000000686950000, 0x00000007c0000000)
   the space 342720K,   5% used [0x0000000671aa0000, 0x0000000672bb6098, 0x0000000672bb6200, 0x0000000686950000)
 Metaspace       used 18326K, capacity 18714K, committed 18944K, reserved 1067008K
  class space    used 2112K, capacity 2213K, committed 2304K, reserved 1048576K
}
Event: 33.883 GC heap before
{Heap before GC invocations=115 (full 2):
 def new generation   total 154304K, used 137263K [0x00000005ca800000, 0x00000005d4f60000, 0x0000000671aa0000)
  eden space 137216K, 100% used [0x00000005ca800000, 0x00000005d2e00000, 0x00000005d2e00000)
  from space 17088K,   0% used [0x00000005d3eb0000, 0x00000005d3ebbd00, 0x00000005d4f60000)
  to   space 17088K,   0% used [0x00000005d2e00000, 0x00000005d2e00000, 0x00000005d3eb0000)
 tenured generation   total 342720K, used 17496K [0x0000000671aa0000, 0x0000000686950000, 0x00000007c0000000)
   the space 342720K,   5% used [0x0000000671aa0000, 0x0000000672bb6098, 0x0000000672bb6200, 0x0000000686950000)
 Metaspace       used 18327K, capacity 18714K, committed 18944K, reserved 1067008K
  class space    used 2112K, capacity 2213K, committed 2304K, reserved 1048576K
Event: 33.885 GC heap after
Heap after GC invocations=116 (full 2):
 def new generation   total 154304K, used 3K [0x00000005ca800000, 0x00000005d4f60000, 0x0000000671aa0000)
  eden space 137216K,   0% used [0x00000005ca800000, 0x00000005ca800000, 0x00000005d2e00000)
  from space 17088K,   0% used [0x00000005d2e00000, 0x00000005d2e00c50, 0x00000005d3eb0000)
  to   space 17088K,   0% used [0x00000005d3eb0000, 0x00000005d3eb0000, 0x00000005d4f60000)
 tenured generation   total 342720K, used 17496K [0x0000000671aa0000, 0x0000000686950000, 0x00000007c0000000)
   the space 342720K,   5% used [0x0000000671aa0000, 0x0000000672bb6098, 0x0000000672bb6200, 0x0000000686950000)
 Metaspace       used 18327K, capacity 18714K, committed 18944K, reserved 1067008K
  class space    used 2112K, capacity 2213K, committed 2304K, reserved 1048576K
}
Event: 34.163 GC heap before
{Heap before GC invocations=116 (full 2):
 def new generation   total 154304K, used 137219K [0x00000005ca800000, 0x00000005d4f60000, 0x0000000671aa0000)
  eden space 137216K, 100% used [0x00000005ca800000, 0x00000005d2e00000, 0x00000005d2e00000)
  from space 17088K,   0% used [0x00000005d2e00000, 0x00000005d2e00c50, 0x00000005d3eb0000)
  to   space 17088K,   0% used [0x00000005d3eb0000, 0x00000005d3eb0000, 0x00000005d4f60000)
 tenured generation   total 342720K, used 17496K [0x0000000671aa0000, 0x0000000686950000, 0x00000007c0000000)
   the space 342720K,   5% used [0x0000000671aa0000, 0x0000000672bb6098, 0x0000000672bb6200, 0x0000000686950000)
 Metaspace       used 18327K, capacity 18714K, committed 18944K, reserved 1067008K
  class space    used 2112K, capacity 2213K, committed 2304K, reserved 1048576K
Event: 34.165 GC heap after
Heap after GC invocations=117 (full 2):
 def new generation   total 154304K, used 2K [0x00000005ca800000, 0x00000005d4f60000, 0x0000000671aa0000)
  eden space 137216K,   0% used [0x00000005ca800000, 0x00000005ca800000, 0x00000005d2e00000)
  from space 17088K,   0% used [0x00000005d3eb0000, 0x00000005d3eb08a0, 0x00000005d4f60000)
  to   space 17088K,   0% used [0x00000005d2e00000, 0x00000005d2e00000, 0x00000005d3eb0000)
 tenured generation   total 342720K, used 17496K [0x0000000671aa0000, 0x0000000686950000, 0x00000007c0000000)
   the space 342720K,   5% used [0x0000000671aa0000, 0x0000000672bb6098, 0x0000000672bb6200, 0x0000000686950000)
 Metaspace       used 18327K, capacity 18714K, committed 18944K, reserved 1067008K
  class space    used 2112K, capacity 2213K, committed 2304K, reserved 1048576K
}
Event: 34.433 GC heap before
{Heap before GC invocations=117 (full 2):
 def new generation   total 154304K, used 137218K [0x00000005ca800000, 0x00000005d4f60000, 0x0000000671aa0000)
  eden space 137216K, 100% used [0x00000005ca800000, 0x00000005d2e00000, 0x00000005d2e00000)
  from space 17088K,   0% used [0x00000005d3eb0000, 0x00000005d3eb08a0, 0x00000005d4f60000)
  to   space 17088K,   0% used [0x00000005d2e00000, 0x00000005d2e00000, 0x00000005d3eb0000)
 tenured generation   total 342720K, used 17496K [0x0000000671aa0000, 0x0000000686950000, 0x00000007c0000000)
   the space 342720K,   5% used [0x0000000671aa0000, 0x0000000672bb6098, 0x0000000672bb6200, 0x0000000686950000)
 Metaspace       used 18499K, capacity 18874K, committed 19200K, reserved 1067008K
  class space    used 2127K, capacity 2245K, committed 2304K, reserved 1048576K
Event: 34.435 GC heap after
Heap after GC invocations=118 (full 2):
 def new generation   total 154304K, used 77K [0x00000005ca800000, 0x00000005d4f60000, 0x0000000671aa0000)
  eden space 137216K,   0% used [0x00000005ca800000, 0x00000005ca800000, 0x00000005d2e00000)
  from space 17088K,   0% used [0x00000005d2e00000, 0x00000005d2e137a8, 0x00000005d3eb0000)
  to   space 17088K,   0% used [0x00000005d3eb0000, 0x00000005d3eb0000, 0x00000005d4f60000)
 tenured generation   total 342720K, used 17496K [0x0000000671aa0000, 0x0000000686950000, 0x00000007c0000000)
   the space 342720K,   5% used [0x0000000671aa0000, 0x0000000672bb6098, 0x0000000672bb6200, 0x0000000686950000)
 Metaspace       used 18499K, capacity 18874K, committed 19200K, reserved 1067008K
  class space    used 2127K, capacity 2245K, committed 2304K, reserved 1048576K
}
Event: 34.466 GC heap before
{Heap before GC invocations=118 (full 2):
 def new generation   total 154304K, used 5235K [0x00000005ca800000, 0x00000005d4f60000, 0x0000000671aa0000)
  eden space 137216K,   3% used [0x00000005ca800000, 0x00000005cad09468, 0x00000005d2e00000)
  from space 17088K,   0% used [0x00000005d2e00000, 0x00000005d2e137a8, 0x00000005d3eb0000)
  to   space 17088K,   0% used [0x00000005d3eb0000, 0x00000005d3eb0000, 0x00000005d4f60000)
 tenured generation   total 342720K, used 17496K [0x0000000671aa0000, 0x0000000686950000, 0x00000007c0000000)
   the space 342720K,   5% used [0x0000000671aa0000, 0x0000000672bb6098, 0x0000000672bb6200, 0x0000000686950000)
 Metaspace       used 18534K, capacity 18938K, committed 19200K, reserved 1067008K
  class space    used 2129K, capacity 2245K, committed 2304K, reserved 1048576K
Event: 34.468 GC heap after
Heap after GC invocations=119 (full 2):
 def new generation   total 154304K, used 46K [0x00000005ca800000, 0x00000005d4f60000, 0x0000000671aa0000)
  eden space 137216K,   0% used [0x00000005ca800000, 0x00000005ca800000, 0x00000005d2e00000)
  from space 17088K,   0% used [0x00000005d3eb0000, 0x00000005d3ebba30, 0x00000005d4f60000)
  to   space 17088K,   0% used [0x00000005d2e00000, 0x00000005d2e00000, 0x00000005d3eb0000)
 tenured generation   total 342720K, used 17496K [0x0000000671aa0000, 0x0000000686950000, 0x00000007c0000000)
   the space 342720K,   5% used [0x0000000671aa0000, 0x0000000672bb6098, 0x0000000672bb6200, 0x0000000686950000)
 Metaspace       used 18534K, capacity 18938K, committed 19200K, reserved 1067008K
  class space    used 2129K, capacity 2245K, committed 2304K, reserved 1048576K
}

