# JRE version: OpenJDK Runtime Environment (8.0_252-b09) (build 1.8.0_252-8u252-b09-1ubuntu1-b09)
# Java VM: Dynamic Code Evolution 64-Bit Server VM (25.71-b01-dcevmlight-26 mixed mode linux-amd64 compressed oops)
Heap:
 def new generation   total 154304K, used 2838K [0x00000005ca800000, 0x00000005d4f60000, 0x0000000671aa0000)
  eden space 137216K,   2% used [0x00000005ca800000, 0x00000005caac0208, 0x00000005d2e00000)
  from space 17088K,   0% used [0x00000005d2e00000, 0x00000005d2e05908, 0x00000005d3eb0000)
  to   space 17088K,   0% used [0x00000005d3eb0000, 0x00000005d3eb0000, 0x00000005d4f60000)
 tenured generation   total 342720K, used 20714K [0x0000000671aa0000, 0x0000000686950000, 0x00000007c0000000)
   the space 342720K,   6% used [0x0000000671aa0000, 0x0000000672eda938, 0x0000000672edaa00, 0x0000000686950000)
 Metaspace       used 19376K, capacity 19786K, committed 19968K, reserved 1067008K
  class space    used 2150K, capacity 2285K, committed 2304K, reserved 1048576K
GC Heap History (10 events):
Event: 340.251 GC heap before
{Heap before GC invocations=1115 (full 2):
 def new generation   total 154304K, used 137261K [0x00000005ca800000, 0x00000005d4f60000, 0x0000000671aa0000)
  eden space 137216K, 100% used [0x00000005ca800000, 0x00000005d2e00000, 0x00000005d2e00000)
  from space 17088K,   0% used [0x00000005d3eb0000, 0x00000005d3ebb790, 0x00000005d4f60000)
  to   space 17088K,   0% used [0x00000005d2e00000, 0x00000005d2e00000, 0x00000005d3eb0000)
 tenured generation   total 342720K, used 20714K [0x0000000671aa0000, 0x0000000686950000, 0x00000007c0000000)
   the space 342720K,   6% used [0x0000000671aa0000, 0x0000000672eda8d0, 0x0000000672edaa00, 0x0000000686950000)
 Metaspace       used 19340K, capacity 19786K, committed 19968K, reserved 1067008K
  class space    used 2149K, capacity 2285K, committed 2304K, reserved 1048576K
Event: 340.252 GC heap after
Heap after GC invocations=1116 (full 2):
 def new generation   total 154304K, used 45K [0x00000005ca800000, 0x00000005d4f60000, 0x0000000671aa0000)
  eden space 137216K,   0% used [0x00000005ca800000, 0x00000005ca800000, 0x00000005d2e00000)
  from space 17088K,   0% used [0x00000005d2e00000, 0x00000005d2e0b690, 0x00000005d3eb0000)
  to   space 17088K,   0% used [0x00000005d3eb0000, 0x00000005d3eb0000, 0x00000005d4f60000)
 tenured generation   total 342720K, used 20714K [0x0000000671aa0000, 0x0000000686950000, 0x00000007c0000000)
   the space 342720K,   6% used [0x0000000671aa0000, 0x0000000672eda8d0, 0x0000000672edaa00, 0x0000000686950000)
 Metaspace       used 19340K, capacity 19786K, committed 19968K, reserved 1067008K
  class space    used 2149K, capacity 2285K, committed 2304K, reserved 1048576K
}
Event: 340.560 GC heap before
{Heap before GC invocations=1116 (full 2):
 def new generation   total 154304K, used 137261K [0x00000005ca800000, 0x00000005d4f60000, 0x0000000671aa0000)
  eden space 137216K, 100% used [0x00000005ca800000, 0x00000005d2e00000, 0x00000005d2e00000)
  from space 17088K,   0% used [0x00000005d2e00000, 0x00000005d2e0b690, 0x00000005d3eb0000)
  to   space 17088K,   0% used [0x00000005d3eb0000, 0x00000005d3eb0000, 0x00000005d4f60000)
 tenured generation   total 342720K, used 20714K [0x0000000671aa0000, 0x0000000686950000, 0x00000007c0000000)
   the space 342720K,   6% used [0x0000000671aa0000, 0x0000000672eda8d0, 0x0000000672edaa00, 0x0000000686950000)
 Metaspace       used 19340K, capacity 19786K, committed 19968K, reserved 1067008K
  class space    used 2149K, capacity 2285K, committed 2304K, reserved 1048576K
Event: 340.561 GC heap after
Heap after GC invocations=1117 (full 2):
 def new generation   total 154304K, used 45K [0x00000005ca800000, 0x00000005d4f60000, 0x0000000671aa0000)
  eden space 137216K,   0% used [0x00000005ca800000, 0x00000005ca800000, 0x00000005d2e00000)
  from space 17088K,   0% used [0x00000005d3eb0000, 0x00000005d3ebb608, 0x00000005d4f60000)
  to   space 17088K,   0% used [0x00000005d2e00000, 0x00000005d2e00000, 0x00000005d3eb0000)
 tenured generation   total 342720K, used 20714K [0x0000000671aa0000, 0x0000000686950000, 0x00000007c0000000)
   the space 342720K,   6% used [0x0000000671aa0000, 0x0000000672eda8d0, 0x0000000672edaa00, 0x0000000686950000)
 Metaspace       used 19340K, capacity 19786K, committed 19968K, reserved 1067008K
  class space    used 2149K, capacity 2285K, committed 2304K, reserved 1048576K
}
Event: 340.881 GC heap before
{Heap before GC invocations=1117 (full 2):
 def new generation   total 154304K, used 137261K [0x00000005ca800000, 0x00000005d4f60000, 0x0000000671aa0000)
  eden space 137216K, 100% used [0x00000005ca800000, 0x00000005d2e00000, 0x00000005d2e00000)
  from space 17088K,   0% used [0x00000005d3eb0000, 0x00000005d3ebb608, 0x00000005d4f60000)
  to   space 17088K,   0% used [0x00000005d2e00000, 0x00000005d2e00000, 0x00000005d3eb0000)
 tenured generation   total 342720K, used 20714K [0x0000000671aa0000, 0x0000000686950000, 0x00000007c0000000)
   the space 342720K,   6% used [0x0000000671aa0000, 0x0000000672eda8d0, 0x0000000672edaa00, 0x0000000686950000)
 Metaspace       used 19340K, capacity 19786K, committed 19968K, reserved 1067008K
  class space    used 2149K, capacity 2285K, committed 2304K, reserved 1048576K
Event: 340.882 GC heap after
Heap after GC invocations=1118 (full 2):
 def new generation   total 154304K, used 45K [0x00000005ca800000, 0x00000005d4f60000, 0x0000000671aa0000)
  eden space 137216K,   0% used [0x00000005ca800000, 0x00000005ca800000, 0x00000005d2e00000)
  from space 17088K,   0% used [0x00000005d2e00000, 0x00000005d2e0b608, 0x00000005d3eb0000)
  to   space 17088K,   0% used [0x00000005d3eb0000, 0x00000005d3eb0000, 0x00000005d4f60000)
 tenured generation   total 342720K, used 20714K [0x0000000671aa0000, 0x0000000686950000, 0x00000007c0000000)
   the space 342720K,   6% used [0x0000000671aa0000, 0x0000000672eda8d0, 0x0000000672edaa00, 0x0000000686950000)
 Metaspace       used 19340K, capacity 19786K, committed 19968K, reserved 1067008K
  class space    used 2149K, capacity 2285K, committed 2304K, reserved 1048576K
}
Event: 341.178 GC heap before
{Heap before GC invocations=1118 (full 2):
 def new generation   total 154304K, used 137261K [0x00000005ca800000, 0x00000005d4f60000, 0x0000000671aa0000)
  eden space 137216K, 100% used [0x00000005ca800000, 0x00000005d2e00000, 0x00000005d2e00000)
  from space 17088K,   0% used [0x00000005d2e00000, 0x00000005d2e0b608, 0x00000005d3eb0000)
  to   space 17088K,   0% used [0x00000005d3eb0000, 0x00000005d3eb0000, 0x00000005d4f60000)
 tenured generation   total 342720K, used 20714K [0x0000000671aa0000, 0x0000000686950000, 0x00000007c0000000)
   the space 342720K,   6% used [0x0000000671aa0000, 0x0000000672eda8d0, 0x0000000672edaa00, 0x0000000686950000)
 Metaspace       used 19340K, capacity 19786K, committed 19968K, reserved 1067008K
  class space    used 2149K, capacity 2285K, committed 2304K, reserved 1048576K
Event: 341.179 GC heap after
Heap after GC invocations=1119 (full 2):
 def new generation   total 154304K, used 160K [0x00000005ca800000, 0x00000005d4f60000, 0x0000000671aa0000)
  eden space 137216K,   0% used [0x00000005ca800000, 0x00000005ca800000, 0x00000005d2e00000)
  from space 17088K,   0% used [0x00000005d3eb0000, 0x00000005d3ed8298, 0x00000005d4f60000)
  to   space 17088K,   0% used [0x00000005d2e00000, 0x00000005d2e00000, 0x00000005d3eb0000)
 tenured generation   total 342720K, used 20714K [0x0000000671aa0000, 0x0000000686950000, 0x00000007c0000000)
   the space 342720K,   6% used [0x0000000671aa0000, 0x0000000672eda8d0, 0x0000000672edaa00, 0x0000000686950000)
 Metaspace       used 19340K, capacity 19786K, committed 19968K, reserved 1067008K
  class space    used 2149K, capacity 2285K, committed 2304K, reserved 1048576K
}
Event: 341.409 GC heap before
{Heap before GC invocations=1119 (full 2):
 def new generation   total 154304K, used 94424K [0x00000005ca800000, 0x00000005d4f60000, 0x0000000671aa0000)
  eden space 137216K,  68% used [0x00000005ca800000, 0x00000005d040dea0, 0x00000005d2e00000)
  from space 17088K,   0% used [0x00000005d3eb0000, 0x00000005d3ed8298, 0x00000005d4f60000)
  to   space 17088K,   0% used [0x00000005d2e00000, 0x00000005d2e00000, 0x00000005d3eb0000)
 tenured generation   total 342720K, used 20714K [0x0000000671aa0000, 0x0000000686950000, 0x00000007c0000000)
   the space 342720K,   6% used [0x0000000671aa0000, 0x0000000672eda8d0, 0x0000000672edaa00, 0x0000000686950000)
 Metaspace       used 19376K, capacity 19786K, committed 19968K, reserved 1067008K
  class space    used 2150K, capacity 2285K, committed 2304K, reserved 1048576K
Event: 341.410 GC heap after
Heap after GC invocations=1120 (full 2):
 def new generation   total 154304K, used 22K [0x00000005ca800000, 0x00000005d4f60000, 0x0000000671aa0000)
  eden space 137216K,   0% used [0x00000005ca800000, 0x00000005ca800000, 0x00000005d2e00000)
  from space 17088K,   0% used [0x00000005d2e00000, 0x00000005d2e05908, 0x00000005d3eb0000)
  to   space 17088K,   0% used [0x00000005d3eb0000, 0x00000005d3eb0000, 0x00000005d4f60000)
 tenured generation   total 342720K, used 20714K [0x0000000671aa0000, 0x0000000686950000, 0x00000007c0000000)
   the space 342720K,   6% used [0x0000000671aa0000, 0x0000000672eda938, 0x0000000672edaa00, 0x0000000686950000)
 Metaspace       used 19376K, capacity 19786K, committed 19968K, reserved 1067008K
  class space    used 2150K, capacity 2285K, committed 2304K, reserved 1048576K
}

