# JRE version: OpenJDK Runtime Environment (8.0_252-b09) (build 1.8.0_252-8u252-b09-1ubuntu1-b09)
# Java VM: Dynamic Code Evolution 64-Bit Server VM (25.71-b01-dcevmlight-26 mixed mode linux-amd64 compressed oops)
Heap:
 def new generation   total 154304K, used 635K [0x00000005ca800000, 0x00000005d4f60000, 0x0000000671aa0000)
  eden space 137216K,   0% used [0x00000005ca800000, 0x00000005ca89e1b8, 0x00000005d2e00000)
  from space 17088K,   0% used [0x00000005d2e00000, 0x00000005d2e00b20, 0x00000005d3eb0000)
  to   space 17088K,   0% used [0x00000005d3eb0000, 0x00000005d3eb0000, 0x00000005d4f60000)
 tenured generation   total 342720K, used 19566K [0x0000000671aa0000, 0x0000000686950000, 0x00000007c0000000)
   the space 342720K,   5% used [0x0000000671aa0000, 0x0000000672dbbae0, 0x0000000672dbbc00, 0x0000000686950000)
 Metaspace       used 21606K, capacity 21996K, committed 22272K, reserved 1069056K
  class space    used 2334K, capacity 2482K, committed 2560K, reserved 1048576K
GC Heap History (10 events):
Event: 991.733 GC heap before
{Heap before GC invocations=2979 (full 2):
 def new generation   total 154304K, used 137369K [0x00000005ca800000, 0x00000005d4f60000, 0x0000000671aa0000)
  eden space 137216K, 100% used [0x00000005ca800000, 0x00000005d2e00000, 0x00000005d2e00000)
  from space 17088K,   0% used [0x00000005d3eb0000, 0x00000005d3ed6660, 0x00000005d4f60000)
  to   space 17088K,   0% used [0x00000005d2e00000, 0x00000005d2e00000, 0x00000005d3eb0000)
 tenured generation   total 342720K, used 19566K [0x0000000671aa0000, 0x0000000686950000, 0x00000007c0000000)
   the space 342720K,   5% used [0x0000000671aa0000, 0x0000000672dbba78, 0x0000000672dbbc00, 0x0000000686950000)
 Metaspace       used 21578K, capacity 21996K, committed 22272K, reserved 1069056K
  class space    used 2333K, capacity 2482K, committed 2560K, reserved 1048576K
Event: 991.734 GC heap after
Heap after GC invocations=2980 (full 2):
 def new generation   total 154304K, used 132K [0x00000005ca800000, 0x00000005d4f60000, 0x0000000671aa0000)
  eden space 137216K,   0% used [0x00000005ca800000, 0x00000005ca800000, 0x00000005d2e00000)
  from space 17088K,   0% used [0x00000005d2e00000, 0x00000005d2e21260, 0x00000005d3eb0000)
  to   space 17088K,   0% used [0x00000005d3eb0000, 0x00000005d3eb0000, 0x00000005d4f60000)
 tenured generation   total 342720K, used 19566K [0x0000000671aa0000, 0x0000000686950000, 0x00000007c0000000)
   the space 342720K,   5% used [0x0000000671aa0000, 0x0000000672dbba78, 0x0000000672dbbc00, 0x0000000686950000)
 Metaspace       used 21578K, capacity 21996K, committed 22272K, reserved 1069056K
  class space    used 2333K, capacity 2482K, committed 2560K, reserved 1048576K
}
Event: 992.074 GC heap before
{Heap before GC invocations=2980 (full 2):
 def new generation   total 154304K, used 137348K [0x00000005ca800000, 0x00000005d4f60000, 0x0000000671aa0000)
  eden space 137216K, 100% used [0x00000005ca800000, 0x00000005d2e00000, 0x00000005d2e00000)
  from space 17088K,   0% used [0x00000005d2e00000, 0x00000005d2e21260, 0x00000005d3eb0000)
  to   space 17088K,   0% used [0x00000005d3eb0000, 0x00000005d3eb0000, 0x00000005d4f60000)
 tenured generation   total 342720K, used 19566K [0x0000000671aa0000, 0x0000000686950000, 0x00000007c0000000)
   the space 342720K,   5% used [0x0000000671aa0000, 0x0000000672dbba78, 0x0000000672dbbc00, 0x0000000686950000)
 Metaspace       used 21578K, capacity 21996K, committed 22272K, reserved 1069056K
  class space    used 2333K, capacity 2482K, committed 2560K, reserved 1048576K
Event: 992.075 GC heap after
Heap after GC invocations=2981 (full 2):
 def new generation   total 154304K, used 157K [0x00000005ca800000, 0x00000005d4f60000, 0x0000000671aa0000)
  eden space 137216K,   0% used [0x00000005ca800000, 0x00000005ca800000, 0x00000005d2e00000)
  from space 17088K,   0% used [0x00000005d3eb0000, 0x00000005d3ed7540, 0x00000005d4f60000)
  to   space 17088K,   0% used [0x00000005d2e00000, 0x00000005d2e00000, 0x00000005d3eb0000)
 tenured generation   total 342720K, used 19566K [0x0000000671aa0000, 0x0000000686950000, 0x00000007c0000000)
   the space 342720K,   5% used [0x0000000671aa0000, 0x0000000672dbba78, 0x0000000672dbbc00, 0x0000000686950000)
 Metaspace       used 21578K, capacity 21996K, committed 22272K, reserved 1069056K
  class space    used 2333K, capacity 2482K, committed 2560K, reserved 1048576K
}
Event: 992.413 GC heap before
{Heap before GC invocations=2981 (full 2):
 def new generation   total 154304K, used 137373K [0x00000005ca800000, 0x00000005d4f60000, 0x0000000671aa0000)
  eden space 137216K, 100% used [0x00000005ca800000, 0x00000005d2e00000, 0x00000005d2e00000)
  from space 17088K,   0% used [0x00000005d3eb0000, 0x00000005d3ed7540, 0x00000005d4f60000)
  to   space 17088K,   0% used [0x00000005d2e00000, 0x00000005d2e00000, 0x00000005d3eb0000)
 tenured generation   total 342720K, used 19566K [0x0000000671aa0000, 0x0000000686950000, 0x00000007c0000000)
   the space 342720K,   5% used [0x0000000671aa0000, 0x0000000672dbba78, 0x0000000672dbbc00, 0x0000000686950000)
 Metaspace       used 21578K, capacity 21996K, committed 22272K, reserved 1069056K
  class space    used 2333K, capacity 2482K, committed 2560K, reserved 1048576K
Event: 992.414 GC heap after
Heap after GC invocations=2982 (full 2):
 def new generation   total 154304K, used 99K [0x00000005ca800000, 0x00000005d4f60000, 0x0000000671aa0000)
  eden space 137216K,   0% used [0x00000005ca800000, 0x00000005ca800000, 0x00000005d2e00000)
  from space 17088K,   0% used [0x00000005d2e00000, 0x00000005d2e18fc0, 0x00000005d3eb0000)
  to   space 17088K,   0% used [0x00000005d3eb0000, 0x00000005d3eb0000, 0x00000005d4f60000)
 tenured generation   total 342720K, used 19566K [0x0000000671aa0000, 0x0000000686950000, 0x00000007c0000000)
   the space 342720K,   5% used [0x0000000671aa0000, 0x0000000672dbba78, 0x0000000672dbbc00, 0x0000000686950000)
 Metaspace       used 21578K, capacity 21996K, committed 22272K, reserved 1069056K
  class space    used 2333K, capacity 2482K, committed 2560K, reserved 1048576K
}
Event: 992.717 GC heap before
{Heap before GC invocations=2982 (full 2):
 def new generation   total 154304K, used 137315K [0x00000005ca800000, 0x00000005d4f60000, 0x0000000671aa0000)
  eden space 137216K, 100% used [0x00000005ca800000, 0x00000005d2e00000, 0x00000005d2e00000)
  from space 17088K,   0% used [0x00000005d2e00000, 0x00000005d2e18fc0, 0x00000005d3eb0000)
  to   space 17088K,   0% used [0x00000005d3eb0000, 0x00000005d3eb0000, 0x00000005d4f60000)
 tenured generation   total 342720K, used 19566K [0x0000000671aa0000, 0x0000000686950000, 0x00000007c0000000)
   the space 342720K,   5% used [0x0000000671aa0000, 0x0000000672dbba78, 0x0000000672dbbc00, 0x0000000686950000)
 Metaspace       used 21578K, capacity 21996K, committed 22272K, reserved 1069056K
  class space    used 2333K, capacity 2482K, committed 2560K, reserved 1048576K
Event: 992.718 GC heap after
Heap after GC invocations=2983 (full 2):
 def new generation   total 154304K, used 1K [0x00000005ca800000, 0x00000005d4f60000, 0x0000000671aa0000)
  eden space 137216K,   0% used [0x00000005ca800000, 0x00000005ca800000, 0x00000005d2e00000)
  from space 17088K,   0% used [0x00000005d3eb0000, 0x00000005d3eb05b0, 0x00000005d4f60000)
  to   space 17088K,   0% used [0x00000005d2e00000, 0x00000005d2e00000, 0x00000005d3eb0000)
 tenured generation   total 342720K, used 19566K [0x0000000671aa0000, 0x0000000686950000, 0x00000007c0000000)
   the space 342720K,   5% used [0x0000000671aa0000, 0x0000000672dbba78, 0x0000000672dbbc00, 0x0000000686950000)
 Metaspace       used 21578K, capacity 21996K, committed 22272K, reserved 1069056K
  class space    used 2333K, capacity 2482K, committed 2560K, reserved 1048576K
}
Event: 992.994 GC heap before
{Heap before GC invocations=2983 (full 2):
 def new generation   total 154304K, used 96253K [0x00000005ca800000, 0x00000005d4f60000, 0x0000000671aa0000)
  eden space 137216K,  70% used [0x00000005ca800000, 0x00000005d05ff000, 0x00000005d2e00000)
  from space 17088K,   0% used [0x00000005d3eb0000, 0x00000005d3eb05b0, 0x00000005d4f60000)
  to   space 17088K,   0% used [0x00000005d2e00000, 0x00000005d2e00000, 0x00000005d3eb0000)
 tenured generation   total 342720K, used 19566K [0x0000000671aa0000, 0x0000000686950000, 0x00000007c0000000)
   the space 342720K,   5% used [0x0000000671aa0000, 0x0000000672dbba78, 0x0000000672dbbc00, 0x0000000686950000)
 Metaspace       used 21604K, capacity 21996K, committed 22272K, reserved 1069056K
  class space    used 2334K, capacity 2482K, committed 2560K, reserved 1048576K
Event: 992.996 GC heap after
Heap after GC invocations=2984 (full 2):
 def new generation   total 154304K, used 2K [0x00000005ca800000, 0x00000005d4f60000, 0x0000000671aa0000)
  eden space 137216K,   0% used [0x00000005ca800000, 0x00000005ca800000, 0x00000005d2e00000)
  from space 17088K,   0% used [0x00000005d2e00000, 0x00000005d2e00b20, 0x00000005d3eb0000)
  to   space 17088K,   0% used [0x00000005d3eb0000, 0x00000005d3eb0000, 0x00000005d4f60000)
 tenured generation   total 342720K, used 19566K [0x0000000671aa0000, 0x0000000686950000, 0x00000007c0000000)
   the space 342720K,   5% used [0x0000000671aa0000, 0x0000000672dbbae0, 0x0000000672dbbc00, 0x0000000686950000)
 Metaspace       used 21604K, capacity 21996K, committed 22272K, reserved 1069056K
  class space    used 2334K, capacity 2482K, committed 2560K, reserved 1048576K
}

